RUN	CreateNewComputerSimulation	createnewcomputersimulation	1640030271713	 	3.7.2
USER	CreateNewComputerSimulation	START	1640030273443
USER	CreateNewComputerSimulation	START	1640030273443
USER	CreateNewComputerSimulation	START	1640030273443
USER	CreateNewComputerSimulation	START	1640030273442
USER	CreateNewComputerSimulation	START	1640030273443
USER	CreateNewComputerSimulation	START	1640030273443
USER	CreateNewComputerSimulation	START	1640030273444
USER	CreateNewComputerSimulation	START	1640030273443
USER	CreateNewComputerSimulation	START	1640030273443
USER	CreateNewComputerSimulation	START	1640030273442
REQUEST		request_0	1640030273516	1640030277313	OK	 
REQUEST		request_0	1640030273516	1640030277313	OK	 
REQUEST		request_0	1640030273516	1640030277313	OK	 
REQUEST		request_0	1640030273519	1640030277313	OK	 
REQUEST		request_0	1640030273521	1640030277313	OK	 
REQUEST		request_0	1640030273517	1640030277313	OK	 
REQUEST		request_0	1640030273514	1640030277313	OK	 
REQUEST		request_0	1640030273516	1640030277471	OK	 
REQUEST		request_0	1640030273523	1640030277471	OK	 
REQUEST		request_0	1640030273516	1640030277623	OK	 
REQUEST		bootstrap.min.css	1640030277588	1640030278178	OK	 
REQUEST		bootstrap.min.css	1640030277589	1640030278183	OK	 
REQUEST		bootstrap.min.css	1640030277603	1640030278190	OK	 
REQUEST		bootstrap.min.css	1640030277598	1640030278190	OK	 
REQUEST		bootstrap.min.css	1640030277595	1640030278190	OK	 
REQUEST		bootstrap.min.css	1640030277591	1640030278190	OK	 
REQUEST		bootstrap.min.css	1640030277607	1640030278195	OK	 
REQUEST		bootstrap.min.css	1640030277609	1640030278200	OK	 
REQUEST		main.css	1640030277597	1640030278209	OK	 
REQUEST		main.css	1640030277593	1640030278209	OK	 
REQUEST		request_1	1640030277598	1640030278211	OK	 
REQUEST		request_1	1640030277595	1640030278211	OK	 
REQUEST		request_1	1640030277593	1640030278212	OK	 
REQUEST		main.css	1640030277591	1640030278214	OK	 
REQUEST		request_1	1640030277605	1640030278222	OK	 
REQUEST		request_1	1640030277612	1640030278235	OK	 
REQUEST		request_1	1640030277609	1640030278240	OK	 
REQUEST		request_2	1640030277606	1640030278243	KO	status.find.in(200,201,202,203,204,205,206,207,208,209,304), found 429
REQUEST		request_2	1640030277610	1640030278246	KO	status.find.in(200,201,202,203,204,205,206,207,208,209,304), found 429
REQUEST		request_1	1640030277605	1640030278252	KO	status.find.in(200,201,202,203,204,205,206,207,208,209,304), found 429
REQUEST		main.css	1640030277604	1640030278252	KO	status.find.in(200,201,202,203,204,205,206,207,208,209,304), found 429
REQUEST		request_2	1640030277601	1640030278252	KO	status.find.in(200,201,202,203,204,205,206,207,208,209,304), found 429
REQUEST		request_2	1640030277613	1640030278254	KO	status.find.in(200,201,202,203,204,205,206,207,208,209,304), found 429
REQUEST		request_2	1640030277599	1640030278254	KO	status.find.in(200,201,202,203,204,205,206,207,208,209,304), found 429
REQUEST		request_2	1640030277591	1640030278255	KO	status.find.in(200,201,202,203,204,205,206,207,208,209,304), found 429
REQUEST		main.css	1640030277589	1640030278256	KO	status.find.in(200,201,202,203,204,205,206,207,208,209,304), found 429
REQUEST		main.css	1640030277611	1640030278256	KO	status.find.in(200,201,202,203,204,205,206,207,208,209,304), found 429
REQUEST		main.css	1640030277604	1640030278256	KO	status.find.in(200,201,202,203,204,205,206,207,208,209,304), found 429
REQUEST		main.css	1640030277608	1640030278255	KO	status.find.in(200,201,202,203,204,205,206,207,208,209,304), found 429
REQUEST		request_2	1640030277631	1640030278257	KO	status.find.in(200,201,202,203,204,205,206,207,208,209,304), found 429
REQUEST		main.css	1640030277599	1640030278257	KO	status.find.in(200,201,202,203,204,205,206,207,208,209,304), found 429
REQUEST		main.css	1640030277629	1640030278258	KO	status.find.in(200,201,202,203,204,205,206,207,208,209,304), found 429
REQUEST		request_1	1640030277630	1640030278259	KO	status.find.in(200,201,202,203,204,205,206,207,208,209,304), found 429
REQUEST		request_2	1640030277610	1640030278260	KO	status.find.in(200,201,202,203,204,205,206,207,208,209,304), found 429
REQUEST		request_1	1640030277590	1640030278260	KO	status.find.in(200,201,202,203,204,205,206,207,208,209,304), found 429
REQUEST		request_1	1640030277600	1640030278260	KO	status.find.in(200,201,202,203,204,205,206,207,208,209,304), found 429
REQUEST		bootstrap.min.css	1640030277603	1640030278387	OK	 
REQUEST		bootstrap.min.css	1640030277628	1640030278461	OK	 
REQUEST		request_2	1640030277595	1640030278608	OK	 
REQUEST		request_2	1640030277596	1640030278620	OK	 
REQUEST		request_3	1640030280271	1640030280409	OK	 
REQUEST		request_3	1640030280271	1640030280420	OK	 
REQUEST		request_3	1640030280271	1640030280423	OK	 
REQUEST		request_3	1640030280272	1640030280424	OK	 
REQUEST		request_3	1640030280272	1640030280428	OK	 
REQUEST		request_3	1640030280271	1640030280428	OK	 
REQUEST		request_3	1640030280397	1640030280540	OK	 
REQUEST		request_4	1640030280426	1640030280569	KO	status.find.in(200,201,202,203,204,205,206,207,208,209,304), found 429
REQUEST		main.css	1640030280416	1640030280569	OK	 
REQUEST		request_4	1640030280417	1640030280574	OK	 
REQUEST		main.css	1640030280425	1640030280574	OK	 
REQUEST		main.css	1640030280434	1640030280600	KO	status.find.in(200,201,202,203,204,205,206,207,208,209,304), found 429
REQUEST		main.css	1640030280429	1640030280631	KO	status.find.in(200,201,202,203,204,205,206,207,208,209,304), found 429
REQUEST		bootstrap.min.css	1640030280433	1640030280631	KO	status.find.in(200,201,202,203,204,205,206,207,208,209,304), found 429
REQUEST		main.css	1640030280434	1640030280631	KO	status.find.in(200,201,202,203,204,205,206,207,208,209,304), found 429
REQUEST		bootstrap.min.css	1640030280429	1640030280631	KO	status.find.in(200,201,202,203,204,205,206,207,208,209,304), found 429
REQUEST		request_5	1640030280430	1640030280632	KO	status.find.in(200,201,202,203,204,205,206,207,208,209,304), found 429
REQUEST		main.css	1640030280430	1640030280632	KO	status.find.in(200,201,202,203,204,205,206,207,208,209,304), found 429
REQUEST		bootstrap.min.css	1640030280428	1640030280633	KO	status.find.in(200,201,202,203,204,205,206,207,208,209,304), found 429
REQUEST		bootstrap.min.css	1640030280433	1640030280664	KO	status.find.in(200,201,202,203,204,205,206,207,208,209,304), found 429
REQUEST		request_4	1640030280429	1640030280664	KO	status.find.in(200,201,202,203,204,205,206,207,208,209,304), found 429
REQUEST		request_4	1640030280431	1640030280664	KO	status.find.in(200,201,202,203,204,205,206,207,208,209,304), found 429
REQUEST		request_4	1640030280435	1640030280665	KO	status.find.in(200,201,202,203,204,205,206,207,208,209,304), found 429
REQUEST		request_5	1640030280433	1640030280666	KO	status.find.in(200,201,202,203,204,205,206,207,208,209,304), found 429
REQUEST		request_5	1640030280437	1640030280666	KO	status.find.in(200,201,202,203,204,205,206,207,208,209,304), found 429
REQUEST		request_3	1640030280475	1640030280666	OK	 
REQUEST		request_5	1640030280437	1640030280666	KO	status.find.in(200,201,202,203,204,205,206,207,208,209,304), found 429
REQUEST		request_4	1640030280435	1640030280667	KO	status.find.in(200,201,202,203,204,205,206,207,208,209,304), found 429
REQUEST		request_5	1640030280547	1640030280697	KO	status.find.in(200,201,202,203,204,205,206,207,208,209,304), found 429
REQUEST		bootstrap.min.css	1640030280544	1640030280698	KO	status.find.in(200,201,202,203,204,205,206,207,208,209,304), found 429
REQUEST		request_4	1640030280546	1640030280699	KO	status.find.in(200,201,202,203,204,205,206,207,208,209,304), found 429
REQUEST		main.css	1640030280545	1640030280701	OK	 
REQUEST		request_3	1640030280628	1640030280863	OK	 
REQUEST		request_3	1640030280613	1640030280863	OK	 
REQUEST		request_5	1640030280676	1640030280884	KO	status.find.in(200,201,202,203,204,205,206,207,208,209,304), found 429
REQUEST		request_4	1640030280674	1640030280886	OK	 
REQUEST		bootstrap.min.css	1640030280671	1640030280887	KO	status.find.in(200,201,202,203,204,205,206,207,208,209,304), found 429
REQUEST		main.css	1640030280673	1640030280888	KO	status.find.in(200,201,202,203,204,205,206,207,208,209,304), found 429
REQUEST		request_5	1640030280871	1640030281047	KO	status.find.in(200,201,202,203,204,205,206,207,208,209,304), found 429
REQUEST		bootstrap.min.css	1640030280415	1640030281049	OK	 
REQUEST		request_4	1640030280870	1640030281049	KO	status.find.in(200,201,202,203,204,205,206,207,208,209,304), found 429
REQUEST		request_5	1640030280871	1640030281052	KO	status.find.in(200,201,202,203,204,205,206,207,208,209,304), found 429
REQUEST		main.css	1640030280869	1640030281052	KO	status.find.in(200,201,202,203,204,205,206,207,208,209,304), found 429
REQUEST		main.css	1640030280869	1640030281058	OK	 
REQUEST		request_4	1640030280870	1640030281064	OK	 
REQUEST		request_5	1640030280427	1640030281072	OK	 
REQUEST		request_5	1640030280418	1640030281096	OK	 
REQUEST		bootstrap.min.css	1640030280424	1640030281135	OK	 
REQUEST		bootstrap.min.css	1640030280868	1640030281405	OK	 
REQUEST		bootstrap.min.css	1640030280868	1640030281463	OK	 
REQUEST		request_6	1640030310687	1640030310860	OK	 
REQUEST		request_6	1640030310687	1640030310860	OK	 
REQUEST		request_6	1640030310686	1640030310868	OK	 
REQUEST		request_6	1640030310686	1640030310861	OK	 
REQUEST		request_6	1640030310712	1640030310860	OK	 
REQUEST		request_6 Redirect 1	1640030310895	1640030311051	OK	 
REQUEST		request_6 Redirect 1	1640030310895	1640030311054	OK	 
REQUEST		request_6	1640030310903	1640030311054	OK	 
REQUEST		request_6 Redirect 1	1640030310895	1640030311058	OK	 
REQUEST		request_6 Redirect 1	1640030310895	1640030311058	OK	 
REQUEST		request_6 Redirect 1	1640030310895	1640030311058	OK	 
REQUEST		main.css	1640030311061	1640030311207	KO	status.find.in(200,201,202,203,204,205,206,207,208,209,304), found 429
REQUEST		main.css	1640030311064	1640030311214	KO	status.find.in(200,201,202,203,204,205,206,207,208,209,304), found 429
REQUEST		bootstrap.min.css	1640030311064	1640030311214	KO	status.find.in(200,201,202,203,204,205,206,207,208,209,304), found 429
REQUEST		main.css	1640030311065	1640030311239	OK	 
REQUEST		main.css	1640030311065	1640030311239	KO	status.find.in(200,201,202,203,204,205,206,207,208,209,304), found 429
REQUEST		main.css	1640030311058	1640030311239	OK	 
REQUEST		request_6 Redirect 1	1640030311055	1640030311239	OK	 
REQUEST		request_6	1640030311105	1640030311246	KO	status.find.in(200,201,202,203,204,205,206,207,208,209,304), found 429
USER	CreateNewComputerSimulation	END	1640030311252
USER	CreateNewComputerSimulation	END	1640030311252
REQUEST		request_6	1640030311151	1640030311303	OK	 
REQUEST		main.css	1640030311248	1640030311401	OK	 
REQUEST		request_6 Redirect 1	1640030311305	1640030311458	OK	 
REQUEST		request_6	1640030311414	1640030311557	OK	 
REQUEST		main.css	1640030311461	1640030311608	OK	 
REQUEST		request_6	1640030311476	1640030311623	OK	 
REQUEST		bootstrap.min.css	1640030311059	1640030311627	OK	 
USER	CreateNewComputerSimulation	END	1640030311632
REQUEST		bootstrap.min.css	1640030311063	1640030311646	OK	 
USER	CreateNewComputerSimulation	END	1640030311652
REQUEST		bootstrap.min.css	1640030311063	1640030311657	OK	 
USER	CreateNewComputerSimulation	END	1640030311661
REQUEST		bootstrap.min.css	1640030311057	1640030311680	OK	 
USER	CreateNewComputerSimulation	END	1640030311684
REQUEST		request_6 Redirect 1	1640030311558	1640030311703	OK	 
REQUEST		request_6 Redirect 1	1640030311623	1640030311773	OK	 
REQUEST		bootstrap.min.css	1640030311246	1640030311811	OK	 
USER	CreateNewComputerSimulation	END	1640030311816
REQUEST		main.css	1640030311711	1640030311853	OK	 
REQUEST		bootstrap.min.css	1640030311461	1640030311876	OK	 
USER	CreateNewComputerSimulation	END	1640030311878
REQUEST		main.css	1640030311780	1640030311928	OK	 
REQUEST		bootstrap.min.css	1640030311709	1640030312252	OK	 
USER	CreateNewComputerSimulation	END	1640030312257
REQUEST		bootstrap.min.css	1640030311779	1640030312371	OK	 
USER	CreateNewComputerSimulation	END	1640030312376
