RUN	CreateNewComputerSimulation	createnewcomputersimulation	1640030519550	 	3.7.2
USER	CreateNewComputerSimulation	START	1640030521246
USER	CreateNewComputerSimulation	START	1640030521246
USER	CreateNewComputerSimulation	START	1640030521246
USER	CreateNewComputerSimulation	START	1640030521246
USER	CreateNewComputerSimulation	START	1640030521246
USER	CreateNewComputerSimulation	START	1640030521246
USER	CreateNewComputerSimulation	START	1640030521246
USER	CreateNewComputerSimulation	START	1640030521246
USER	CreateNewComputerSimulation	START	1640030521246
USER	CreateNewComputerSimulation	START	1640030521246
REQUEST		request_0	1640030521313	1640030521941	OK	 
REQUEST		request_0	1640030521314	1640030521945	OK	 
REQUEST		request_0	1640030521313	1640030521941	OK	 
REQUEST		request_0	1640030521313	1640030521945	OK	 
REQUEST		request_0	1640030521313	1640030521944	OK	 
REQUEST		request_0	1640030521313	1640030521944	OK	 
REQUEST		request_0	1640030521313	1640030521937	OK	 
REQUEST		request_0	1640030521313	1640030521946	OK	 
REQUEST		request_0	1640030521313	1640030521932	OK	 
REQUEST		request_0	1640030521314	1640030521941	OK	 
REQUEST		request_1	1640030522155	1640030522313	OK	 
REQUEST		request_1	1640030522150	1640030522314	OK	 
REQUEST		request_1	1640030522150	1640030522313	OK	 
REQUEST		request_1	1640030522152	1640030522313	KO	status.find.in(200,201,202,203,204,205,206,207,208,209,304), found 429
REQUEST		request_1	1640030522156	1640030522313	KO	status.find.in(200,201,202,203,204,205,206,207,208,209,304), found 429
REQUEST		request_1	1640030522150	1640030522318	OK	 
REQUEST		request_1	1640030522154	1640030522318	OK	 
REQUEST		request_1	1640030522157	1640030522318	OK	 
REQUEST		request_1	1640030522149	1640030522319	OK	 
REQUEST		request_1	1640030522149	1640030522319	OK	 
REQUEST		request_2	1640030522151	1640030522793	KO	status.find.in(200,201,202,203,204,205,206,207,208,209,304), found 429
REQUEST		request_2	1640030522152	1640030523178	OK	 
REQUEST		request_2	1640030522151	1640030523194	OK	 
REQUEST		request_2	1640030522151	1640030523210	OK	 
REQUEST		request_2	1640030522156	1640030523234	OK	 
REQUEST		request_2	1640030522151	1640030523234	OK	 
REQUEST		request_2	1640030522154	1640030523237	OK	 
REQUEST		request_2	1640030522156	1640030523237	OK	 
REQUEST		request_2	1640030522160	1640030523248	OK	 
REQUEST		request_2	1640030522157	1640030523248	OK	 
REQUEST		request_3	1640030524810	1640030524957	OK	 
REQUEST		request_4	1640030524961	1640030525107	OK	 
REQUEST		request_3	1640030525206	1640030525358	OK	 
REQUEST		request_3	1640030525206	1640030525360	OK	 
REQUEST		request_3	1640030525222	1640030525370	OK	 
REQUEST		request_3	1640030525238	1640030525395	OK	 
REQUEST		request_3	1640030525238	1640030525396	OK	 
REQUEST		request_3	1640030525254	1640030525406	OK	 
REQUEST		request_3	1640030525254	1640030525406	OK	 
REQUEST		request_3	1640030525254	1640030525406	OK	 
REQUEST		request_3	1640030525254	1640030525415	OK	 
REQUEST		request_4	1640030525363	1640030525514	OK	 
REQUEST		request_4	1640030525365	1640030525524	OK	 
REQUEST		request_5	1640030525377	1640030525532	KO	status.find.in(200,201,202,203,204,205,206,207,208,209,304), found 429
REQUEST		request_4	1640030525376	1640030525533	OK	 
REQUEST		request_4	1640030525401	1640030525553	KO	status.find.in(200,201,202,203,204,205,206,207,208,209,304), found 429
REQUEST		request_4	1640030525410	1640030525553	KO	status.find.in(200,201,202,203,204,205,206,207,208,209,304), found 429
REQUEST		request_5	1640030525402	1640030525556	KO	status.find.in(200,201,202,203,204,205,206,207,208,209,304), found 429
REQUEST		request_5	1640030525402	1640030525558	KO	status.find.in(200,201,202,203,204,205,206,207,208,209,304), found 429
REQUEST		request_4	1640030525400	1640030525559	OK	 
REQUEST		request_4	1640030525410	1640030525570	KO	status.find.in(200,201,202,203,204,205,206,207,208,209,304), found 429
REQUEST		request_5	1640030525420	1640030525577	KO	status.find.in(200,201,202,203,204,205,206,207,208,209,304), found 429
REQUEST		request_5	1640030525412	1640030525577	KO	status.find.in(200,201,202,203,204,205,206,207,208,209,304), found 429
REQUEST		request_5	1640030525412	1640030525577	KO	status.find.in(200,201,202,203,204,205,206,207,208,209,304), found 429
REQUEST		request_5	1640030524962	1640030525578	OK	 
REQUEST		request_4	1640030525419	1640030525579	KO	status.find.in(200,201,202,203,204,205,206,207,208,209,304), found 429
REQUEST		request_4	1640030525411	1640030525579	KO	status.find.in(200,201,202,203,204,205,206,207,208,209,304), found 429
REQUEST		request_5	1640030525412	1640030525579	KO	status.find.in(200,201,202,203,204,205,206,207,208,209,304), found 429
REQUEST		request_5	1640030525365	1640030525939	OK	 
REQUEST		request_5	1640030525366	1640030525945	OK	 
REQUEST		request_6	1640030555565	1640030555712	OK	 
REQUEST		request_6	1640030555581	1640030555734	OK	 
REQUEST		request_6	1640030555565	1640030555721	OK	 
REQUEST		request_6	1640030555583	1640030555733	OK	 
REQUEST		request_6	1640030555581	1640030555722	OK	 
REQUEST		request_6	1640030555581	1640030555734	OK	 
REQUEST		request_6	1640030555581	1640030555733	OK	 
REQUEST		request_6	1640030555556	1640030555712	OK	 
REQUEST		request_6 Redirect 1	1640030555736	1640030555878	KO	status.find.in(200,201,202,203,204,205,206,207,208,209,304), found 429
REQUEST		request_6 Redirect 1	1640030555735	1640030555883	KO	status.find.in(200,201,202,203,204,205,206,207,208,209,304), found 429
REQUEST		request_6 Redirect 1	1640030555735	1640030555883	OK	 
USER	CreateNewComputerSimulation	END	1640030555889
USER	CreateNewComputerSimulation	END	1640030555889
USER	CreateNewComputerSimulation	END	1640030555891
REQUEST		request_6 Redirect 1	1640030555735	1640030555890	OK	 
REQUEST		request_6 Redirect 1	1640030555737	1640030555892	OK	 
REQUEST		request_6 Redirect 1	1640030555735	1640030555892	OK	 
REQUEST		request_6 Redirect 1	1640030555735	1640030555894	OK	 
USER	CreateNewComputerSimulation	END	1640030555898
USER	CreateNewComputerSimulation	END	1640030555898
USER	CreateNewComputerSimulation	END	1640030555899
REQUEST		request_6 Redirect 1	1640030555735	1640030555907	OK	 
USER	CreateNewComputerSimulation	END	1640030555912
USER	CreateNewComputerSimulation	END	1640030555913
REQUEST		request_6	1640030555952	1640030556098	OK	 
REQUEST		request_6	1640030555952	1640030556098	OK	 
REQUEST		request_6 Redirect 1	1640030556099	1640030556571	OK	 
REQUEST		request_6 Redirect 1	1640030556099	1640030556571	OK	 
USER	CreateNewComputerSimulation	END	1640030556577
USER	CreateNewComputerSimulation	END	1640030556577
